{"level": "INFO", "time": "2019-10-28 11:38:32,676", "thread": "proposer.eth", "function": "__init__", "message": "Connect Aergo and Ethereum providers"
{"level": "INFO", "time": "2019-10-28 11:38:32,869", "thread": "proposer.eth", "function": "__init__", "message": "aergo-local (t_final=5 ) -> eth-poa-local : t_anchor=7"
{"level": "INFO", "time": "2019-10-28 11:38:34,008", "thread": "proposer.eth", "function": "__init__", "message": "Proposer Address: 0xc19b69591141443676a3EE56fbf1d3EA869d53D8"
{"level": "INFO", "time": "2019-10-28 11:38:34,008", "thread": "proposer.eth", "function": "__init__", "message": "Connect to EthValidators"
{"level": "INFO", "time": "2019-10-28 11:38:34,191", "thread": "proposer.eth", "function": "__init__", "message": "Validators: ['0x210467b3849a408c3a3bEE14b4627aa57F342134', '0x210467b3849a408c3a3bEE14b4627aa57F342134', '0x210467b3849a408c3a3bEE14b4627aa57F342134']"
{"level": "INFO", "time": "2019-10-28 11:38:34,195", "thread": "proposer.aergo", "function": "__init__", "message": "Connect Aergo and Ethereum providers"
{"level": "INFO", "time": "2019-10-28 11:38:34,272", "thread": "proposer.aergo", "function": "__init__", "message": "aergo-local <- eth-poa-local (t_final=4) : t_anchor=6"
{"level": "INFO", "time": "2019-10-28 11:38:34,453", "thread": "proposer.aergo", "function": "__init__", "message": "Proposer Address: AmPxVdu993eosN3UjnPDdN3wb7TNbHeiHDvn2dvZUcH8KXDK3RLU"
{"level": "INFO", "time": "2019-10-28 11:38:34,454", "thread": "proposer.aergo", "function": "__init__", "message": "Connect to AergoValidators"
{"level": "INFO", "time": "2019-10-28 11:38:34,471", "thread": "proposer.aergo", "function": "__init__", "message": "Validators: ['AmNLjcxUDmxeGZL7F8bqyaGt3zqog5HAoJmFBEZAx1RvfTKLSBsQ', 'AmNLjcxUDmxeGZL7F8bqyaGt3zqog5HAoJmFBEZAx1RvfTKLSBsQ', 'AmNLjcxUDmxeGZL7F8bqyaGt3zqog5HAoJmFBEZAx1RvfTKLSBsQ']"
{"level": "INFO", "time": "2019-10-28 11:38:34,472", "thread": "proposer.eth", "function": "run", "message": "Start Eth proposer"
{"level": "INFO", "time": "2019-10-28 11:38:34,479", "thread": "proposer.aergo", "function": "run", "message": "Current Eth -> Aergo ⚓ anchor: height: 2574, root: 0x439e9582424d341add9216cc19e2243a6ae2c75ebe71e8f31873cbadfe23d22c, nonce: 320"
{"level": "INFO", "time": "2019-10-28 11:38:34,626", "thread": "proposer.aergo", "function": "run", "message": "🖋 Gathering validator signatures for: root: 0xab522fc792e3fb1286154c2ee08367e86e93f26bbe43cd68197d57199df2602e, height: 2590'"
{"level": "INFO", "time": "2019-10-28 11:38:34,695", "thread": "proposer.eth", "function": "run", "message": "Current Aergo -> Eth ⚓ anchor: height: 2575, root: 0x8569dd31b603d22f4d01897f7544b3396a067073e7451025988c79e268f444f1, nonce: 252"
{"level": "INFO", "time": "2019-10-28 11:38:34,766", "thread": "proposer.eth", "function": "run", "message": "🖋 Gathering validator signatures for: root: 0x9b23d0a0b079688e83bea19ee09c37fa633124fd1dd96bb5ccc756796a38bff9, height: 2591'"
{"level": "INFO", "time": "2019-10-28 11:38:38,086", "thread": "proposer.eth", "function": "new_anchor", "message": "⚓ Anchor success, ⏰ wait until next anchor time: 7s..."
{"level": "INFO", "time": "2019-10-28 11:38:38,086", "thread": "proposer.eth", "function": "new_anchor", "message": "⛽ Gas used: 64287"
{"level": "INFO", "time": "2019-10-28 11:38:38,217", "thread": "proposer.aergo", "function": "new_anchor", "message": "⚓ Anchor success, ⏰ wait until next anchor time: 6s..."
{"level": "INFO", "time": "2019-10-28 11:38:44,223", "thread": "proposer.aergo", "function": "run", "message": "Current Eth -> Aergo ⚓ anchor: height: 2590, root: 0xab522fc792e3fb1286154c2ee08367e86e93f26bbe43cd68197d57199df2602e, nonce: 321"
{"level": "INFO", "time": "2019-10-28 11:38:44,256", "thread": "proposer.aergo", "function": "run", "message": "🖋 Gathering validator signatures for: root: 0x21200039b9b722600c24d133ad80b4a46a88ecff9dcb84714a1204c27577f6aa, height: 2600'"
{"level": "INFO", "time": "2019-10-28 11:38:45,374", "thread": "proposer.eth", "function": "run", "message": "Current Aergo -> Eth ⚓ anchor: height: 2591, root: 0x9b23d0a0b079688e83bea19ee09c37fa633124fd1dd96bb5ccc756796a38bff9, nonce: 253"
{"level": "INFO", "time": "2019-10-28 11:38:45,402", "thread": "proposer.eth", "function": "run", "message": "🖋 Gathering validator signatures for: root: 0xf509bb776090f3c7a7067a16e07614925b525cb838b437fb364fc3c3f42002e7, height: 2602'"
{"level": "INFO", "time": "2019-10-28 11:38:47,148", "thread": "proposer.eth", "function": "new_anchor", "message": "⚓ Anchor success, ⏰ wait until next anchor time: 7s..."
{"level": "INFO", "time": "2019-10-28 11:38:47,148", "thread": "proposer.eth", "function": "new_anchor", "message": "⛽ Gas used: 64287"
{"level": "INFO", "time": "2019-10-28 11:38:47,243", "thread": "proposer.aergo", "function": "new_anchor", "message": "⚓ Anchor success, ⏰ wait until next anchor time: 6s..."
